<?xml version="1.0" encoding="utf-8"?><testsuites name="pytest tests"><testsuite name="pytest" errors="0" failures="0" skipped="0" tests="12" time="3.873" timestamp="2026-04-24T09:51:17.798125+00:00" hostname="agent-env-50e89bc3-ab97-4c94-9d66-cbae3bc358b8"><testcase classname="backend.tests.test_phase5" name="test_forgot_password_fallback_returns_otp" time="0.506" /><testcase classname="backend.tests.test_phase5" name="test_reset_password_with_otp_roundtrip" time="1.068" /><testcase classname="backend.tests.test_phase5" name="test_invoice_from_order_auto_number" time="0.255" /><testcase classname="backend.tests.test_phase5" name="test_invoice_from_order_manual_number_and_dup" time="0.187" /><testcase classname="backend.tests.test_phase5" name="test_get_invoice_enriched_fields" time="0.148" /><testcase classname="backend.tests.test_phase5" name="test_payment_crud_recalculates_invoice" time="0.382" /><testcase classname="backend.tests.test_phase5" name="test_return_credit_note_number_and_over_qty" time="0.236" /><testcase classname="backend.tests.test_phase5" name="test_manual_settle_partial_then_full" time="0.282" /><testcase classname="backend.tests.test_phase5" name="test_financial_summary_fields_and_math" time="0.050" /><testcase classname="backend.tests.test_phase5" name="test_dashboard_profit_drops_after_return" time="0.305" /><testcase classname="backend.tests.test_phase5" name="test_manual_opening_returned_stock" time="0.178" /><testcase classname="backend.tests.test_phase5" name="test_counters_get_and_update" time="0.180" /></testsuite></testsuites>